{"D:\\FymWork\\work\\vite-react\\lib\\load-svg.js": {"path":"D:\\FymWork\\work\\vite-react\\lib\\load-svg.js","statementMap":{"0":{"start":{"line":3,"column":21},"end":{"line":3,"column":191}},"1":{"start":{"line":5,"column":16},"end":{"line":5,"column":29}},"2":{"start":{"line":7,"column":0},"end":{"line":88,"column":14}},"3":{"start":{"line":8,"column":0},"end":{"line":87,"column":4}},"4":{"start":{"line":10,"column":8},"end":{"line":10,"column":35}},"5":{"start":{"line":15,"column":24},"end":{"line":15,"column":54}},"6":{"start":{"line":17,"column":4},"end":{"line":19,"column":66}},"7":{"start":{"line":23,"column":4},"end":{"line":23,"column":39}},"8":{"start":{"line":27,"column":16},"end":{"line":27,"column":65}},"9":{"start":{"line":28,"column":4},"end":{"line":28,"column":110}},"10":{"start":{"line":32,"column":22},"end":{"line":32,"column":36}},"11":{"start":{"line":33,"column":4},"end":{"line":41,"column":7}},"12":{"start":{"line":34,"column":8},"end":{"line":40,"column":9}},"13":{"start":{"line":35,"column":12},"end":{"line":35,"column":66}},"14":{"start":{"line":36,"column":15},"end":{"line":40,"column":9}},"15":{"start":{"line":37,"column":12},"end":{"line":37,"column":70}},"16":{"start":{"line":38,"column":15},"end":{"line":40,"column":9}},"17":{"start":{"line":39,"column":12},"end":{"line":39,"column":67}},"18":{"start":{"line":42,"column":4},"end":{"line":42,"column":22}},"19":{"start":{"line":46,"column":22},"end":{"line":46,"column":24}},"20":{"start":{"line":47,"column":4},"end":{"line":51,"column":5}},"21":{"start":{"line":48,"column":8},"end":{"line":50,"column":11}},"22":{"start":{"line":49,"column":12},"end":{"line":49,"column":78}},"23":{"start":{"line":52,"column":4},"end":{"line":58,"column":7}},"24":{"start":{"line":53,"column":8},"end":{"line":57,"column":9}},"25":{"start":{"line":54,"column":12},"end":{"line":54,"column":78}},"26":{"start":{"line":56,"column":12},"end":{"line":56,"column":84}},"27":{"start":{"line":59,"column":4},"end":{"line":59,"column":22}},"28":{"start":{"line":63,"column":16},"end":{"line":63,"column":37}},"29":{"start":{"line":64,"column":18},"end":{"line":64,"column":70}},"30":{"start":{"line":65,"column":21},"end":{"line":65,"column":60}},"31":{"start":{"line":67,"column":4},"end":{"line":71,"column":5}},"32":{"start":{"line":68,"column":8},"end":{"line":68,"column":126}},"33":{"start":{"line":70,"column":8},"end":{"line":70,"column":59}},"34":{"start":{"line":74,"column":0},"end":{"line":83,"column":2}},"35":{"start":{"line":75,"column":4},"end":{"line":77,"column":5}},"36":{"start":{"line":76,"column":8},"end":{"line":76,"column":87}},"37":{"start":{"line":80,"column":4},"end":{"line":82,"column":6}},"38":{"start":{"line":81,"column":8},"end":{"line":81,"column":53}},"39":{"start":{"line":85,"column":0},"end":{"line":85,"column":16}},"40":{"start":{"line":90,"column":12},"end":{"line":90,"column":29}},"41":{"start":{"line":108,"column":1},"end":{"line":108,"column":34}},"42":{"start":{"line":110,"column":1},"end":{"line":147,"column":3}},"43":{"start":{"line":119,"column":3},"end":{"line":119,"column":49}},"44":{"start":{"line":130,"column":3},"end":{"line":132,"column":4}},"45":{"start":{"line":131,"column":4},"end":{"line":131,"column":58}},"46":{"start":{"line":144,"column":3},"end":{"line":144,"column":63}},"47":{"start":{"line":144,"column":46},"end":{"line":144,"column":59}},"48":{"start":{"line":145,"column":3},"end":{"line":145,"column":68}},"49":{"start":{"line":145,"column":45},"end":{"line":145,"column":64}},"50":{"start":{"line":150,"column":19},"end":{"line":150,"column":32}},"51":{"start":{"line":152,"column":0},"end":{"line":166,"column":39}},"52":{"start":{"line":153,"column":19},"end":{"line":162,"column":1}},"53":{"start":{"line":164,"column":0},"end":{"line":164,"column":29}},"54":{"start":{"line":165,"column":0},"end":{"line":165,"column":33}},"55":{"start":{"line":168,"column":17},"end":{"line":168,"column":37}},"56":{"start":{"line":175,"column":2},"end":{"line":178,"column":15}},"57":{"start":{"line":176,"column":18},"end":{"line":176,"column":64}},"58":{"start":{"line":177,"column":4},"end":{"line":177,"column":32}},"59":{"start":{"line":181,"column":39},"end":{"line":181,"column":49}},"60":{"start":{"line":183,"column":21},"end":{"line":186,"column":1}},"61":{"start":{"line":194,"column":16},"end":{"line":194,"column":53}},"62":{"start":{"line":195,"column":24},"end":{"line":195,"column":50}},"63":{"start":{"line":196,"column":2},"end":{"line":196,"column":50}},"64":{"start":{"line":199,"column":23},"end":{"line":199,"column":33}},"65":{"start":{"line":201,"column":22},"end":{"line":208,"column":1}},"66":{"start":{"line":215,"column":4},"end":{"line":215,"column":55}},"67":{"start":{"line":216,"column":4},"end":{"line":216,"column":22}},"68":{"start":{"line":225,"column":24},"end":{"line":225,"column":28}},"69":{"start":{"line":226,"column":21},"end":{"line":226,"column":41}},"70":{"start":{"line":228,"column":4},"end":{"line":231,"column":5}},"71":{"start":{"line":229,"column":6},"end":{"line":229,"column":50}},"72":{"start":{"line":230,"column":6},"end":{"line":230,"column":19}},"73":{"start":{"line":233,"column":4},"end":{"line":233,"column":25}},"74":{"start":{"line":234,"column":4},"end":{"line":234,"column":16}},"75":{"start":{"line":243,"column":24},"end":{"line":243,"column":28}},"76":{"start":{"line":244,"column":19},"end":{"line":244,"column":32}},"77":{"start":{"line":246,"column":4},"end":{"line":250,"column":5}},"78":{"start":{"line":247,"column":6},"end":{"line":247,"column":49}},"79":{"start":{"line":248,"column":6},"end":{"line":248,"column":23}},"80":{"start":{"line":249,"column":6},"end":{"line":249,"column":18}},"81":{"start":{"line":252,"column":4},"end":{"line":252,"column":17}},"82":{"start":{"line":260,"column":4},"end":{"line":260,"column":60}},"83":{"start":{"line":260,"column":36},"end":{"line":260,"column":47}},"84":{"start":{"line":268,"column":4},"end":{"line":268,"column":34}},"85":{"start":{"line":275,"column":22},"end":{"line":275,"column":33}},"86":{"start":{"line":276,"column":31},"end":{"line":276,"column":76}},"87":{"start":{"line":276,"column":53},"end":{"line":276,"column":66}},"88":{"start":{"line":277,"column":4},"end":{"line":277,"column":54}},"89":{"start":{"line":284,"column":4},"end":{"line":284,"column":28}},"90":{"start":{"line":288,"column":4},"end":{"line":288,"column":43}},"91":{"start":{"line":288,"column":30},"end":{"line":288,"column":41}},"92":{"start":{"line":294,"column":4},"end":{"line":294,"column":17}},"93":{"start":{"line":295,"column":4},"end":{"line":295,"column":27}},"94":{"start":{"line":296,"column":4},"end":{"line":296,"column":27}},"95":{"start":{"line":303,"column":4},"end":{"line":303,"column":24}},"96":{"start":{"line":310,"column":4},"end":{"line":310,"column":28}},"97":{"start":{"line":314,"column":4},"end":{"line":314,"column":68}},"98":{"start":{"line":314,"column":49},"end":{"line":314,"column":66}},"99":{"start":{"line":323,"column":24},"end":{"line":323,"column":45}},"100":{"start":{"line":324,"column":14},"end":{"line":324,"column":87}},"101":{"start":{"line":331,"column":2},"end":{"line":333,"column":3}},"102":{"start":{"line":332,"column":4},"end":{"line":332,"column":42}},"103":{"start":{"line":335,"column":2},"end":{"line":335,"column":13}},"104":{"start":{"line":340,"column":4},"end":{"line":340,"column":23}},"105":{"start":{"line":348,"column":4},"end":{"line":352,"column":7}},"106":{"start":{"line":356,"column":4},"end":{"line":358,"column":5}},"107":{"start":{"line":357,"column":6},"end":{"line":357,"column":21}},"108":{"start":{"line":359,"column":4},"end":{"line":359,"column":20}},"109":{"start":{"line":367,"column":4},"end":{"line":369,"column":5}},"110":{"start":{"line":368,"column":6},"end":{"line":368,"column":23}},"111":{"start":{"line":371,"column":24},"end":{"line":371,"column":92}},"112":{"start":{"line":372,"column":17},"end":{"line":372,"column":30}},"113":{"start":{"line":373,"column":4},"end":{"line":373,"column":21}},"114":{"start":{"line":375,"column":4},"end":{"line":375,"column":34}},"115":{"start":{"line":377,"column":4},"end":{"line":377,"column":16}},"116":{"start":{"line":384,"column":20},"end":{"line":384,"column":36}},"117":{"start":{"line":385,"column":4},"end":{"line":385,"column":57}},"118":{"start":{"line":389,"column":4},"end":{"line":389,"column":48}},"119":{"start":{"line":393,"column":20},"end":{"line":452,"column":1}},"120":{"start":{"line":459,"column":2},"end":{"line":459,"column":50}},"121":{"start":{"line":462,"column":14},"end":{"line":469,"column":1}},"122":{"start":{"line":463,"column":18},"end":{"line":463,"column":53}},"123":{"start":{"line":464,"column":19},"end":{"line":464,"column":55}},"124":{"start":{"line":467,"column":14},"end":{"line":467,"column":87}},"125":{"start":{"line":468,"column":16},"end":{"line":468,"column":49}},"126":{"start":{"line":476,"column":16},"end":{"line":476,"column":51}},"127":{"start":{"line":477,"column":2},"end":{"line":477,"column":50}},"128":{"start":{"line":478,"column":2},"end":{"line":478,"column":30}},"129":{"start":{"line":491,"column":23},"end":{"line":491,"column":25}},"130":{"start":{"line":493,"column":2},"end":{"line":497,"column":7}},"131":{"start":{"line":495,"column":6},"end":{"line":495,"column":30}},"132":{"start":{"line":496,"column":6},"end":{"line":496,"column":31}},"133":{"start":{"line":499,"column":2},"end":{"line":499,"column":22}},"134":{"start":{"line":507,"column":2},"end":{"line":507,"column":53}},"135":{"start":{"line":516,"column":2},"end":{"line":520,"column":6}},"136":{"start":{"line":517,"column":4},"end":{"line":519,"column":7}},"137":{"start":{"line":518,"column":6},"end":{"line":518,"column":51}},"138":{"start":{"line":523,"column":24},"end":{"line":523,"column":81}},"139":{"start":{"line":531,"column":2},"end":{"line":535,"column":5}},"140":{"start":{"line":532,"column":4},"end":{"line":534,"column":7}},"141":{"start":{"line":533,"column":6},"end":{"line":533,"column":51}},"142":{"start":{"line":536,"column":2},"end":{"line":536,"column":13}},"143":{"start":{"line":545,"column":16},"end":{"line":553,"column":8}},"144":{"start":{"line":546,"column":4},"end":{"line":548,"column":5}},"145":{"start":{"line":547,"column":6},"end":{"line":547,"column":17}},"146":{"start":{"line":550,"column":22},"end":{"line":550,"column":48}},"147":{"start":{"line":551,"column":20},"end":{"line":551,"column":67}},"148":{"start":{"line":552,"column":4},"end":{"line":552,"column":31}},"149":{"start":{"line":555,"column":2},"end":{"line":555,"column":15}},"150":{"start":{"line":558,"column":16},"end":{"line":558,"column":36}},"151":{"start":{"line":559,"column":22},"end":{"line":559,"column":34}},"152":{"start":{"line":562,"column":31},"end":{"line":562,"column":51}},"153":{"start":{"line":565,"column":2},"end":{"line":567,"column":5}},"154":{"start":{"line":566,"column":4},"end":{"line":566,"column":67}},"155":{"start":{"line":571,"column":2},"end":{"line":571,"column":52}},"156":{"start":{"line":581,"column":2},"end":{"line":587,"column":5}},"157":{"start":{"line":582,"column":17},"end":{"line":582,"column":49}},"158":{"start":{"line":583,"column":4},"end":{"line":586,"column":5}},"159":{"start":{"line":584,"column":21},"end":{"line":584,"column":58}},"160":{"start":{"line":585,"column":6},"end":{"line":585,"column":58}},"161":{"start":{"line":589,"column":2},"end":{"line":589,"column":15}},"162":{"start":{"line":595,"column":16},"end":{"line":609,"column":1}},"163":{"start":{"line":611,"column":20},"end":{"line":611,"column":62}},"164":{"start":{"line":611,"column":40},"end":{"line":611,"column":51}},"165":{"start":{"line":627,"column":28},"end":{"line":627,"column":47}},"166":{"start":{"line":628,"column":29},"end":{"line":628,"column":49}},"167":{"start":{"line":630,"column":16},"end":{"line":630,"column":49}},"168":{"start":{"line":631,"column":16},"end":{"line":633,"column":4}},"169":{"start":{"line":632,"column":4},"end":{"line":632,"column":97}},"170":{"start":{"line":635,"column":2},"end":{"line":635,"column":127}},"171":{"start":{"line":635,"column":24},"end":{"line":635,"column":125}},"172":{"start":{"line":636,"column":2},"end":{"line":636,"column":70}},"173":{"start":{"line":644,"column":15},"end":{"line":647,"column":1}},"174":{"start":{"line":651,"column":4},"end":{"line":651,"column":37}},"175":{"start":{"line":653,"column":20},"end":{"line":653,"column":26}},"176":{"start":{"line":654,"column":4},"end":{"line":654,"column":28}},"177":{"start":{"line":655,"column":4},"end":{"line":655,"column":21}},"178":{"start":{"line":657,"column":23},"end":{"line":657,"column":27}},"179":{"start":{"line":659,"column":4},"end":{"line":661,"column":5}},"180":{"start":{"line":660,"column":6},"end":{"line":660,"column":31}},"181":{"start":{"line":663,"column":4},"end":{"line":666,"column":5}},"182":{"start":{"line":664,"column":22},"end":{"line":664,"column":83}},"183":{"start":{"line":665,"column":6},"end":{"line":665,"column":68}},"184":{"start":{"line":665,"column":37},"end":{"line":665,"column":66}},"185":{"start":{"line":668,"column":33},"end":{"line":668,"column":70}},"186":{"start":{"line":669,"column":4},"end":{"line":669,"column":54}},"187":{"start":{"line":672,"column":4},"end":{"line":674,"column":5}},"188":{"start":{"line":673,"column":6},"end":{"line":673,"column":80}},"189":{"start":{"line":677,"column":4},"end":{"line":679,"column":5}},"190":{"start":{"line":678,"column":6},"end":{"line":678,"column":63}},"191":{"start":{"line":682,"column":4},"end":{"line":686,"column":7}},"192":{"start":{"line":683,"column":6},"end":{"line":685,"column":7}},"193":{"start":{"line":684,"column":8},"end":{"line":684,"column":47}},"194":{"start":{"line":689,"column":4},"end":{"line":697,"column":7}},"195":{"start":{"line":690,"column":6},"end":{"line":692,"column":7}},"196":{"start":{"line":691,"column":8},"end":{"line":691,"column":58}},"197":{"start":{"line":694,"column":6},"end":{"line":696,"column":7}},"198":{"start":{"line":695,"column":8},"end":{"line":695,"column":43}},"199":{"start":{"line":704,"column":4},"end":{"line":704,"column":23}},"200":{"start":{"line":716,"column":23},"end":{"line":716,"column":27}},"201":{"start":{"line":718,"column":4},"end":{"line":720,"column":5}},"202":{"start":{"line":719,"column":6},"end":{"line":719,"column":99}},"203":{"start":{"line":722,"column":4},"end":{"line":724,"column":5}},"204":{"start":{"line":723,"column":8},"end":{"line":723,"column":84}},"205":{"start":{"line":726,"column":4},"end":{"line":728,"column":5}},"206":{"start":{"line":727,"column":6},"end":{"line":727,"column":62}},"207":{"start":{"line":739,"column":31},"end":{"line":739,"column":43}},"208":{"start":{"line":740,"column":4},"end":{"line":740,"column":36}},"209":{"start":{"line":751,"column":19},"end":{"line":751,"column":23}},"210":{"start":{"line":752,"column":24},"end":{"line":752,"column":41}},"211":{"start":{"line":754,"column":4},"end":{"line":757,"column":5}},"212":{"start":{"line":755,"column":6},"end":{"line":755,"column":32}},"213":{"start":{"line":756,"column":6},"end":{"line":756,"column":59}},"214":{"start":{"line":759,"column":4},"end":{"line":759,"column":23}},"215":{"start":{"line":768,"column":19},"end":{"line":768,"column":23}},"216":{"start":{"line":770,"column":4},"end":{"line":772,"column":5}},"217":{"start":{"line":771,"column":6},"end":{"line":771,"column":25}},"218":{"start":{"line":775,"column":17},"end":{"line":775,"column":85}},"219":{"start":{"line":776,"column":4},"end":{"line":776,"column":23}},"220":{"start":{"line":779,"column":4},"end":{"line":782,"column":7}},"221":{"start":{"line":780,"column":6},"end":{"line":780,"column":32}},"222":{"start":{"line":781,"column":6},"end":{"line":781,"column":59}},"223":{"start":{"line":785,"column":4},"end":{"line":790,"column":9}},"224":{"start":{"line":787,"column":23},"end":{"line":787,"column":77}},"225":{"start":{"line":788,"column":8},"end":{"line":788,"column":33}},"226":{"start":{"line":789,"column":8},"end":{"line":789,"column":27}},"227":{"start":{"line":792,"column":4},"end":{"line":792,"column":43}},"228":{"start":{"line":794,"column":4},"end":{"line":794,"column":16}},"229":{"start":{"line":798,"column":42},"end":{"line":798,"column":46}},"230":{"start":{"line":800,"column":4},"end":{"line":800,"column":38}},"231":{"start":{"line":800,"column":25},"end":{"line":800,"column":36}},"232":{"start":{"line":802,"column":4},"end":{"line":802,"column":22}},"233":{"start":{"line":803,"column":4},"end":{"line":803,"column":87}},"234":{"start":{"line":805,"column":4},"end":{"line":807,"column":5}},"235":{"start":{"line":806,"column":6},"end":{"line":806,"column":21}},"236":{"start":{"line":817,"column":19},"end":{"line":817,"column":23}},"237":{"start":{"line":819,"column":4},"end":{"line":821,"column":5}},"238":{"start":{"line":820,"column":6},"end":{"line":820,"column":25}},"239":{"start":{"line":823,"column":22},"end":{"line":823,"column":90}},"240":{"start":{"line":824,"column":17},"end":{"line":824,"column":32}},"241":{"start":{"line":825,"column":4},"end":{"line":825,"column":21}},"242":{"start":{"line":827,"column":4},"end":{"line":831,"column":5}},"243":{"start":{"line":828,"column":6},"end":{"line":828,"column":60}},"244":{"start":{"line":830,"column":6},"end":{"line":830,"column":34}},"245":{"start":{"line":833,"column":4},"end":{"line":833,"column":43}},"246":{"start":{"line":835,"column":4},"end":{"line":835,"column":16}},"247":{"start":{"line":842,"column":4},"end":{"line":842,"column":35}},"248":{"start":{"line":849,"column":4},"end":{"line":849,"column":48}},"249":{"start":{"line":859,"column":4},"end":{"line":861,"column":5}},"250":{"start":{"line":860,"column":6},"end":{"line":860,"column":19}},"251":{"start":{"line":863,"column":19},"end":{"line":863,"column":72}},"252":{"start":{"line":865,"column":4},"end":{"line":870,"column":6}},"253":{"start":{"line":872,"column":4},"end":{"line":872,"column":16}},"254":{"start":{"line":877,"column":21},"end":{"line":877,"column":42}},"255":{"start":{"line":878,"column":28},"end":{"line":878,"column":44}},"256":{"start":{"line":880,"column":19},"end":{"line":893,"column":1}},"257":{"start":{"line":886,"column":19},"end":{"line":886,"column":56}},"258":{"start":{"line":888,"column":2},"end":{"line":892,"column":3}},"259":{"start":{"line":889,"column":4},"end":{"line":889,"column":28}},"260":{"start":{"line":891,"column":4},"end":{"line":891,"column":38}},"261":{"start":{"line":898,"column":23},"end":{"line":919,"column":1}},"262":{"start":{"line":899,"column":12},"end":{"line":899,"column":14}},"263":{"start":{"line":901,"column":10},"end":{"line":901,"column":18}},"264":{"start":{"line":902,"column":11},"end":{"line":902,"column":39}},"265":{"start":{"line":903,"column":23},"end":{"line":903,"column":41}},"266":{"start":{"line":904,"column":13},"end":{"line":904,"column":73}},"267":{"start":{"line":906,"column":2},"end":{"line":914,"column":6}},"268":{"start":{"line":907,"column":4},"end":{"line":914,"column":6}},"269":{"start":{"line":910,"column":8},"end":{"line":910,"column":60}},"270":{"start":{"line":911,"column":8},"end":{"line":911,"column":19}},"271":{"start":{"line":912,"column":8},"end":{"line":912,"column":52}},"272":{"start":{"line":912,"column":41},"end":{"line":912,"column":52}},"273":{"start":{"line":916,"column":2},"end":{"line":918,"column":3}},"274":{"start":{"line":917,"column":4},"end":{"line":917,"column":46}},"275":{"start":{"line":921,"column":13},"end":{"line":928,"column":2}},"276":{"start":{"line":930,"column":13},"end":{"line":946,"column":1}},"277":{"start":{"line":931,"column":2},"end":{"line":933,"column":3}},"278":{"start":{"line":932,"column":4},"end":{"line":932,"column":10}},"279":{"start":{"line":935,"column":2},"end":{"line":939,"column":3}},"280":{"start":{"line":936,"column":4},"end":{"line":936,"column":41}},"281":{"start":{"line":938,"column":4},"end":{"line":938,"column":41}},"282":{"start":{"line":941,"column":2},"end":{"line":945,"column":3}},"283":{"start":{"line":942,"column":4},"end":{"line":942,"column":17}},"284":{"start":{"line":944,"column":4},"end":{"line":944,"column":33}},"285":{"start":{"line":948,"column":0},"end":{"line":948,"column":7}},"286":{"start":{"line":950,"column":17},"end":{"line":950,"column":1923}},"287":{"start":{"line":951,"column":0},"end":{"line":951,"column":21}},"288":{"start":{"line":953,"column":17},"end":{"line":953,"column":4225}},"289":{"start":{"line":954,"column":0},"end":{"line":954,"column":21}},"290":{"start":{"line":956,"column":17},"end":{"line":956,"column":1065}},"291":{"start":{"line":957,"column":0},"end":{"line":957,"column":21}},"292":{"start":{"line":959,"column":15},"end":{"line":959,"column":2854}},"293":{"start":{"line":960,"column":0},"end":{"line":960,"column":19}},"294":{"start":{"line":963,"column":2},"end":{"line":978,"column":6}},"295":{"start":{"line":964,"column":14},"end":{"line":970,"column":5}},"296":{"start":{"line":971,"column":14},"end":{"line":973,"column":5}},"297":{"start":{"line":972,"column":6},"end":{"line":972,"column":97}},"298":{"start":{"line":972,"column":39},"end":{"line":972,"column":91}},"299":{"start":{"line":974,"column":4},"end":{"line":976,"column":6}},"300":{"start":{"line":975,"column":6},"end":{"line":975,"column":30}},"301":{"start":{"line":977,"column":4},"end":{"line":977,"column":15}}},"fnMap":{"0":{"name":"(anonymous_0)","decl":{"start":{"line":7,"column":1},"end":{"line":7,"column":2}},"loc":{"start":{"line":7,"column":28},"end":{"line":88,"column":1}},"line":7},"1":{"name":"(anonymous_1)","decl":{"start":{"line":8,"column":1},"end":{"line":8,"column":2}},"loc":{"start":{"line":8,"column":26},"end":{"line":12,"column":1}},"line":8},"2":{"name":"(anonymous_2)","decl":{"start":{"line":12,"column":18},"end":{"line":12,"column":19}},"loc":{"start":{"line":12,"column":30},"end":{"line":87,"column":1}},"line":12},"3":{"name":"isMergeableObject","decl":{"start":{"line":14,"column":9},"end":{"line":14,"column":26}},"loc":{"start":{"line":14,"column":32},"end":{"line":20,"column":1}},"line":14},"4":{"name":"emptyTarget","decl":{"start":{"line":22,"column":9},"end":{"line":22,"column":20}},"loc":{"start":{"line":22,"column":26},"end":{"line":24,"column":1}},"line":22},"5":{"name":"cloneIfNecessary","decl":{"start":{"line":26,"column":9},"end":{"line":26,"column":25}},"loc":{"start":{"line":26,"column":50},"end":{"line":29,"column":1}},"line":26},"6":{"name":"defaultArrayMerge","decl":{"start":{"line":31,"column":9},"end":{"line":31,"column":26}},"loc":{"start":{"line":31,"column":60},"end":{"line":43,"column":1}},"line":31},"7":{"name":"(anonymous_7)","decl":{"start":{"line":33,"column":19},"end":{"line":33,"column":20}},"loc":{"start":{"line":33,"column":34},"end":{"line":41,"column":5}},"line":33},"8":{"name":"mergeObject","decl":{"start":{"line":45,"column":9},"end":{"line":45,"column":20}},"loc":{"start":{"line":45,"column":54},"end":{"line":60,"column":1}},"line":45},"9":{"name":"(anonymous_9)","decl":{"start":{"line":48,"column":36},"end":{"line":48,"column":37}},"loc":{"start":{"line":48,"column":51},"end":{"line":50,"column":9}},"line":48},"10":{"name":"(anonymous_10)","decl":{"start":{"line":52,"column":32},"end":{"line":52,"column":33}},"loc":{"start":{"line":52,"column":47},"end":{"line":58,"column":5}},"line":52},"11":{"name":"deepmerge","decl":{"start":{"line":62,"column":9},"end":{"line":62,"column":18}},"loc":{"start":{"line":62,"column":52},"end":{"line":72,"column":1}},"line":62},"12":{"name":"deepmergeAll","decl":{"start":{"line":74,"column":25},"end":{"line":74,"column":37}},"loc":{"start":{"line":74,"column":62},"end":{"line":83,"column":1}},"line":74},"13":{"name":"(anonymous_13)","decl":{"start":{"line":80,"column":24},"end":{"line":80,"column":25}},"loc":{"start":{"line":80,"column":45},"end":{"line":82,"column":5}},"line":80},"14":{"name":"mitt","decl":{"start":{"line":107,"column":9},"end":{"line":107,"column":13}},"loc":{"start":{"line":107,"column":36},"end":{"line":148,"column":1}},"line":107},"15":{"name":"on","decl":{"start":{"line":118,"column":15},"end":{"line":118,"column":17}},"loc":{"start":{"line":118,"column":55},"end":{"line":120,"column":3}},"line":118},"16":{"name":"off","decl":{"start":{"line":129,"column":16},"end":{"line":129,"column":19}},"loc":{"start":{"line":129,"column":57},"end":{"line":133,"column":3}},"line":129},"17":{"name":"emit","decl":{"start":{"line":143,"column":17},"end":{"line":143,"column":21}},"loc":{"start":{"line":143,"column":46},"end":{"line":146,"column":3}},"line":143},"18":{"name":"(anonymous_18)","decl":{"start":{"line":144,"column":25},"end":{"line":144,"column":26}},"loc":{"start":{"line":144,"column":44},"end":{"line":144,"column":61}},"line":144},"19":{"name":"(anonymous_19)","decl":{"start":{"line":145,"column":24},"end":{"line":145,"column":25}},"loc":{"start":{"line":145,"column":43},"end":{"line":145,"column":66}},"line":145},"20":{"name":"(anonymous_20)","decl":{"start":{"line":152,"column":1},"end":{"line":152,"column":2}},"loc":{"start":{"line":152,"column":28},"end":{"line":166,"column":1}},"line":152},"21":{"name":"objectToAttrsString","decl":{"start":{"line":174,"column":9},"end":{"line":174,"column":28}},"loc":{"start":{"line":174,"column":37},"end":{"line":179,"column":1}},"line":174},"22":{"name":"(anonymous_22)","decl":{"start":{"line":175,"column":32},"end":{"line":175,"column":33}},"loc":{"start":{"line":175,"column":42},"end":{"line":178,"column":3}},"line":175},"23":{"name":"wrapInSvgString","decl":{"start":{"line":193,"column":9},"end":{"line":193,"column":24}},"loc":{"start":{"line":193,"column":52},"end":{"line":197,"column":1}},"line":193},"24":{"name":"(anonymous_24)","decl":{"start":{"line":214,"column":2},"end":{"line":214,"column":3}},"loc":{"start":{"line":214,"column":22},"end":{"line":217,"column":3}},"line":214},"25":{"name":"(anonymous_25)","decl":{"start":{"line":224,"column":2},"end":{"line":224,"column":3}},"loc":{"start":{"line":224,"column":14},"end":{"line":235,"column":3}},"line":224},"26":{"name":"(anonymous_26)","decl":{"start":{"line":242,"column":2},"end":{"line":242,"column":3}},"loc":{"start":{"line":242,"column":13},"end":{"line":253,"column":3}},"line":242},"27":{"name":"(anonymous_27)","decl":{"start":{"line":259,"column":2},"end":{"line":259,"column":3}},"loc":{"start":{"line":259,"column":11},"end":{"line":261,"column":3}},"line":259},"28":{"name":"(anonymous_28)","decl":{"start":{"line":260,"column":31},"end":{"line":260,"column":32}},"loc":{"start":{"line":260,"column":36},"end":{"line":260,"column":47}},"line":260},"29":{"name":"(anonymous_29)","decl":{"start":{"line":267,"column":2},"end":{"line":267,"column":3}},"loc":{"start":{"line":267,"column":10},"end":{"line":269,"column":3}},"line":267},"30":{"name":"(anonymous_30)","decl":{"start":{"line":274,"column":2},"end":{"line":274,"column":3}},"loc":{"start":{"line":274,"column":14},"end":{"line":278,"column":3}},"line":274},"31":{"name":"(anonymous_31)","decl":{"start":{"line":276,"column":48},"end":{"line":276,"column":49}},"loc":{"start":{"line":276,"column":53},"end":{"line":276,"column":66}},"line":276},"32":{"name":"(anonymous_32)","decl":{"start":{"line":283,"column":2},"end":{"line":283,"column":3}},"loc":{"start":{"line":283,"column":13},"end":{"line":285,"column":3}},"line":283},"33":{"name":"(anonymous_33)","decl":{"start":{"line":287,"column":2},"end":{"line":287,"column":3}},"loc":{"start":{"line":287,"column":12},"end":{"line":289,"column":3}},"line":287},"34":{"name":"(anonymous_34)","decl":{"start":{"line":288,"column":25},"end":{"line":288,"column":26}},"loc":{"start":{"line":288,"column":30},"end":{"line":288,"column":41}},"line":288},"35":{"name":"(anonymous_35)","decl":{"start":{"line":293,"column":2},"end":{"line":293,"column":3}},"loc":{"start":{"line":293,"column":40},"end":{"line":297,"column":3}},"line":293},"36":{"name":"(anonymous_36)","decl":{"start":{"line":302,"column":2},"end":{"line":302,"column":3}},"loc":{"start":{"line":302,"column":14},"end":{"line":304,"column":3}},"line":302},"37":{"name":"(anonymous_37)","decl":{"start":{"line":309,"column":2},"end":{"line":309,"column":3}},"loc":{"start":{"line":309,"column":13},"end":{"line":311,"column":3}},"line":309},"38":{"name":"(anonymous_38)","decl":{"start":{"line":313,"column":2},"end":{"line":313,"column":3}},"loc":{"start":{"line":313,"column":12},"end":{"line":315,"column":3}},"line":313},"39":{"name":"(anonymous_39)","decl":{"start":{"line":314,"column":41},"end":{"line":314,"column":42}},"loc":{"start":{"line":314,"column":49},"end":{"line":314,"column":66}},"line":314},"40":{"name":"parse","decl":{"start":{"line":322,"column":9},"end":{"line":322,"column":14}},"loc":{"start":{"line":322,"column":25},"end":{"line":336,"column":1}},"line":322},"41":{"name":"(anonymous_41)","decl":{"start":{"line":339,"column":2},"end":{"line":339,"column":3}},"loc":{"start":{"line":339,"column":18},"end":{"line":341,"column":3}},"line":339},"42":{"name":"(anonymous_42)","decl":{"start":{"line":347,"column":2},"end":{"line":347,"column":3}},"loc":{"start":{"line":347,"column":38},"end":{"line":353,"column":3}},"line":347},"43":{"name":"(anonymous_43)","decl":{"start":{"line":355,"column":2},"end":{"line":355,"column":3}},"loc":{"start":{"line":355,"column":12},"end":{"line":360,"column":3}},"line":355},"44":{"name":"(anonymous_44)","decl":{"start":{"line":366,"column":2},"end":{"line":366,"column":3}},"loc":{"start":{"line":366,"column":16},"end":{"line":378,"column":3}},"line":366},"45":{"name":"(anonymous_45)","decl":{"start":{"line":383,"column":2},"end":{"line":383,"column":3}},"loc":{"start":{"line":383,"column":11},"end":{"line":386,"column":3}},"line":383},"46":{"name":"(anonymous_46)","decl":{"start":{"line":388,"column":2},"end":{"line":388,"column":3}},"loc":{"start":{"line":388,"column":12},"end":{"line":390,"column":3}},"line":388},"47":{"name":"arrayFrom","decl":{"start":{"line":458,"column":9},"end":{"line":458,"column":18}},"loc":{"start":{"line":458,"column":31},"end":{"line":460,"column":1}},"line":458},"48":{"name":"(anonymous_48)","decl":{"start":{"line":463,"column":12},"end":{"line":463,"column":13}},"loc":{"start":{"line":463,"column":18},"end":{"line":463,"column":53}},"line":463},"49":{"name":"(anonymous_49)","decl":{"start":{"line":464,"column":13},"end":{"line":464,"column":14}},"loc":{"start":{"line":464,"column":19},"end":{"line":464,"column":55}},"line":464},"50":{"name":"(anonymous_50)","decl":{"start":{"line":467,"column":8},"end":{"line":467,"column":9}},"loc":{"start":{"line":467,"column":14},"end":{"line":467,"column":87}},"line":467},"51":{"name":"(anonymous_51)","decl":{"start":{"line":468,"column":10},"end":{"line":468,"column":11}},"loc":{"start":{"line":468,"column":16},"end":{"line":468,"column":49}},"line":468},"52":{"name":"dispatchEvent","decl":{"start":{"line":475,"column":9},"end":{"line":475,"column":22}},"loc":{"start":{"line":475,"column":36},"end":{"line":479,"column":1}},"line":475},"53":{"name":"evalStylesIEWorkaround","decl":{"start":{"line":490,"column":9},"end":{"line":490,"column":31}},"loc":{"start":{"line":490,"column":39},"end":{"line":500,"column":1}},"line":490},"54":{"name":"(anonymous_54)","decl":{"start":{"line":494,"column":13},"end":{"line":494,"column":14}},"loc":{"start":{"line":494,"column":24},"end":{"line":497,"column":5}},"line":494},"55":{"name":"getUrlWithoutFragment","decl":{"start":{"line":506,"column":9},"end":{"line":506,"column":30}},"loc":{"start":{"line":506,"column":37},"end":{"line":508,"column":1}},"line":506},"56":{"name":"locationChangeAngularEmitter","decl":{"start":{"line":515,"column":9},"end":{"line":515,"column":37}},"loc":{"start":{"line":515,"column":50},"end":{"line":521,"column":1}},"line":515},"57":{"name":"(anonymous_57)","decl":{"start":{"line":516,"column":42},"end":{"line":516,"column":43}},"loc":{"start":{"line":516,"column":58},"end":{"line":520,"column":3}},"line":516},"58":{"name":"(anonymous_58)","decl":{"start":{"line":517,"column":45},"end":{"line":517,"column":46}},"loc":{"start":{"line":517,"column":68},"end":{"line":519,"column":5}},"line":517},"59":{"name":"moveGradientsOutsideSymbol","decl":{"start":{"line":530,"column":9},"end":{"line":530,"column":35}},"loc":{"start":{"line":530,"column":70},"end":{"line":537,"column":1}},"line":530},"60":{"name":"(anonymous_60)","decl":{"start":{"line":531,"column":52},"end":{"line":531,"column":53}},"loc":{"start":{"line":531,"column":64},"end":{"line":535,"column":3}},"line":531},"61":{"name":"(anonymous_61)","decl":{"start":{"line":532,"column":57},"end":{"line":532,"column":58}},"loc":{"start":{"line":532,"column":67},"end":{"line":534,"column":5}},"line":532},"62":{"name":"selectAttributes","decl":{"start":{"line":544,"column":9},"end":{"line":544,"column":25}},"loc":{"start":{"line":544,"column":42},"end":{"line":556,"column":1}},"line":544},"63":{"name":"(anonymous_63)","decl":{"start":{"line":545,"column":40},"end":{"line":545,"column":41}},"loc":{"start":{"line":545,"column":55},"end":{"line":553,"column":3}},"line":545},"64":{"name":"encoder","decl":{"start":{"line":564,"column":9},"end":{"line":564,"column":16}},"loc":{"start":{"line":564,"column":22},"end":{"line":568,"column":1}},"line":564},"65":{"name":"(anonymous_65)","decl":{"start":{"line":565,"column":45},"end":{"line":565,"column":46}},"loc":{"start":{"line":565,"column":56},"end":{"line":567,"column":3}},"line":565},"66":{"name":"escapeRegExp","decl":{"start":{"line":570,"column":9},"end":{"line":570,"column":21}},"loc":{"start":{"line":570,"column":27},"end":{"line":572,"column":1}},"line":570},"67":{"name":"updateReferences","decl":{"start":{"line":580,"column":9},"end":{"line":580,"column":25}},"loc":{"start":{"line":580,"column":58},"end":{"line":590,"column":1}},"line":580},"68":{"name":"(anonymous_68)","decl":{"start":{"line":581,"column":27},"end":{"line":581,"column":28}},"loc":{"start":{"line":581,"column":37},"end":{"line":587,"column":3}},"line":581},"69":{"name":"(anonymous_69)","decl":{"start":{"line":611,"column":32},"end":{"line":611,"column":33}},"loc":{"start":{"line":611,"column":40},"end":{"line":611,"column":51}},"line":611},"70":{"name":"updateUrls","decl":{"start":{"line":626,"column":9},"end":{"line":626,"column":19}},"loc":{"start":{"line":626,"column":63},"end":{"line":637,"column":1}},"line":626},"71":{"name":"(anonymous_71)","decl":{"start":{"line":631,"column":40},"end":{"line":631,"column":41}},"loc":{"start":{"line":631,"column":66},"end":{"line":633,"column":3}},"line":631},"72":{"name":"(anonymous_72)","decl":{"start":{"line":635,"column":16},"end":{"line":635,"column":17}},"loc":{"start":{"line":635,"column":24},"end":{"line":635,"column":125}},"line":635},"73":{"name":"(anonymous_73)","decl":{"start":{"line":650,"column":2},"end":{"line":650,"column":3}},"loc":{"start":{"line":650,"column":24},"end":{"line":698,"column":3}},"line":650},"74":{"name":"(anonymous_74)","decl":{"start":{"line":665,"column":31},"end":{"line":665,"column":32}},"loc":{"start":{"line":665,"column":37},"end":{"line":665,"column":66}},"line":665},"75":{"name":"(anonymous_75)","decl":{"start":{"line":682,"column":29},"end":{"line":682,"column":30}},"loc":{"start":{"line":682,"column":45},"end":{"line":686,"column":5}},"line":682},"76":{"name":"(anonymous_76)","decl":{"start":{"line":689,"column":36},"end":{"line":689,"column":37}},"loc":{"start":{"line":689,"column":52},"end":{"line":697,"column":5}},"line":689},"77":{"name":"(anonymous_77)","decl":{"start":{"line":703,"column":2},"end":{"line":703,"column":3}},"loc":{"start":{"line":703,"column":18},"end":{"line":705,"column":3}},"line":703},"78":{"name":"(anonymous_78)","decl":{"start":{"line":715,"column":2},"end":{"line":715,"column":3}},"loc":{"start":{"line":715,"column":22},"end":{"line":729,"column":3}},"line":715},"79":{"name":"(anonymous_79)","decl":{"start":{"line":738,"column":2},"end":{"line":738,"column":3}},"loc":{"start":{"line":738,"column":31},"end":{"line":741,"column":3}},"line":738},"80":{"name":"(anonymous_80)","decl":{"start":{"line":750,"column":2},"end":{"line":750,"column":3}},"loc":{"start":{"line":750,"column":14},"end":{"line":760,"column":3}},"line":750},"81":{"name":"(anonymous_81)","decl":{"start":{"line":767,"column":2},"end":{"line":767,"column":3}},"loc":{"start":{"line":767,"column":17},"end":{"line":795,"column":3}},"line":767},"82":{"name":"(anonymous_82)","decl":{"start":{"line":779,"column":25},"end":{"line":779,"column":26}},"loc":{"start":{"line":779,"column":37},"end":{"line":782,"column":5}},"line":779},"83":{"name":"(anonymous_83)","decl":{"start":{"line":786,"column":15},"end":{"line":786,"column":16}},"loc":{"start":{"line":786,"column":31},"end":{"line":790,"column":7}},"line":786},"84":{"name":"(anonymous_84)","decl":{"start":{"line":797,"column":2},"end":{"line":797,"column":3}},"loc":{"start":{"line":797,"column":12},"end":{"line":808,"column":3}},"line":797},"85":{"name":"(anonymous_85)","decl":{"start":{"line":800,"column":20},"end":{"line":800,"column":21}},"loc":{"start":{"line":800,"column":25},"end":{"line":800,"column":36}},"line":800},"86":{"name":"(anonymous_86)","decl":{"start":{"line":816,"column":2},"end":{"line":816,"column":3}},"loc":{"start":{"line":816,"column":55},"end":{"line":836,"column":3}},"line":816},"87":{"name":"(anonymous_87)","decl":{"start":{"line":841,"column":2},"end":{"line":841,"column":3}},"loc":{"start":{"line":841,"column":11},"end":{"line":843,"column":3}},"line":841},"88":{"name":"(anonymous_88)","decl":{"start":{"line":848,"column":2},"end":{"line":848,"column":3}},"loc":{"start":{"line":848,"column":12},"end":{"line":850,"column":3}},"line":848},"89":{"name":"(anonymous_89)","decl":{"start":{"line":858,"column":2},"end":{"line":858,"column":3}},"loc":{"start":{"line":858,"column":29},"end":{"line":873,"column":3}},"line":858},"90":{"name":"(anonymous_90)","decl":{"start":{"line":880,"column":19},"end":{"line":880,"column":20}},"loc":{"start":{"line":880,"column":25},"end":{"line":893,"column":1}},"line":880},"91":{"name":"(anonymous_91)","decl":{"start":{"line":898,"column":23},"end":{"line":898,"column":24}},"loc":{"start":{"line":898,"column":29},"end":{"line":919,"column":1}},"line":898},"92":{"name":"(anonymous_92)","decl":{"start":{"line":909,"column":18},"end":{"line":909,"column":19}},"loc":{"start":{"line":909,"column":30},"end":{"line":913,"column":7}},"line":909},"93":{"name":"(anonymous_93)","decl":{"start":{"line":916,"column":9},"end":{"line":916,"column":10}},"loc":{"start":{"line":916,"column":23},"end":{"line":918,"column":3}},"line":916},"94":{"name":"(anonymous_94)","decl":{"start":{"line":930,"column":13},"end":{"line":930,"column":14}},"loc":{"start":{"line":930,"column":19},"end":{"line":946,"column":1}},"line":930},"95":{"name":"(anonymous_95)","decl":{"start":{"line":963,"column":3},"end":{"line":963,"column":4}},"loc":{"start":{"line":963,"column":14},"end":{"line":978,"column":3}},"line":963},"96":{"name":"req","decl":{"start":{"line":971,"column":23},"end":{"line":971,"column":26}},"loc":{"start":{"line":971,"column":32},"end":{"line":973,"column":5}},"line":971},"97":{"name":"(anonymous_97)","decl":{"start":{"line":972,"column":26},"end":{"line":972,"column":27}},"loc":{"start":{"line":972,"column":37},"end":{"line":972,"column":93}},"line":972},"98":{"name":"(anonymous_98)","decl":{"start":{"line":974,"column":15},"end":{"line":974,"column":16}},"loc":{"start":{"line":974,"column":26},"end":{"line":976,"column":5}},"line":974}},"branchMap":{"0":{"loc":{"start":{"line":3,"column":21},"end":{"line":3,"column":191}},"type":"cond-expr","locations":[{"start":{"line":3,"column":57},"end":{"line":3,"column":67}},{"start":{"line":3,"column":70},"end":{"line":3,"column":191}}],"line":3},"1":{"loc":{"start":{"line":3,"column":70},"end":{"line":3,"column":191}},"type":"cond-expr","locations":[{"start":{"line":3,"column":102},"end":{"line":3,"column":108}},{"start":{"line":3,"column":111},"end":{"line":3,"column":191}}],"line":3},"2":{"loc":{"start":{"line":3,"column":111},"end":{"line":3,"column":191}},"type":"cond-expr","locations":[{"start":{"line":3,"column":143},"end":{"line":3,"column":149}},{"start":{"line":3,"column":152},"end":{"line":3,"column":191}}],"line":3},"3":{"loc":{"start":{"line":3,"column":152},"end":{"line":3,"column":191}},"type":"cond-expr","locations":[{"start":{"line":3,"column":182},"end":{"line":3,"column":186}},{"start":{"line":3,"column":189},"end":{"line":3,"column":191}}],"line":3},"4":{"loc":{"start":{"line":15,"column":24},"end":{"line":15,"column":54}},"type":"binary-expr","locations":[{"start":{"line":15,"column":24},"end":{"line":15,"column":27}},{"start":{"line":15,"column":31},"end":{"line":15,"column":54}}],"line":15},"5":{"loc":{"start":{"line":17,"column":11},"end":{"line":19,"column":66}},"type":"binary-expr","locations":[{"start":{"line":17,"column":11},"end":{"line":17,"column":24}},{"start":{"line":18,"column":11},"end":{"line":18,"column":68}},{"start":{"line":19,"column":11},"end":{"line":19,"column":66}}],"line":17},"6":{"loc":{"start":{"line":23,"column":11},"end":{"line":23,"column":39}},"type":"cond-expr","locations":[{"start":{"line":23,"column":32},"end":{"line":23,"column":34}},{"start":{"line":23,"column":37},"end":{"line":23,"column":39}}],"line":23},"7":{"loc":{"start":{"line":27,"column":16},"end":{"line":27,"column":65}},"type":"binary-expr","locations":[{"start":{"line":27,"column":16},"end":{"line":27,"column":31}},{"start":{"line":27,"column":35},"end":{"line":27,"column":65}}],"line":27},"8":{"loc":{"start":{"line":28,"column":11},"end":{"line":28,"column":110}},"type":"cond-expr","locations":[{"start":{"line":28,"column":49},"end":{"line":28,"column":102}},{"start":{"line":28,"column":105},"end":{"line":28,"column":110}}],"line":28},"9":{"loc":{"start":{"line":28,"column":12},"end":{"line":28,"column":45}},"type":"binary-expr","locations":[{"start":{"line":28,"column":12},"end":{"line":28,"column":17}},{"start":{"line":28,"column":21},"end":{"line":28,"column":45}}],"line":28},"10":{"loc":{"start":{"line":34,"column":8},"end":{"line":40,"column":9}},"type":"if","locations":[{"start":{"line":34,"column":8},"end":{"line":40,"column":9}},{"start":{"line":36,"column":15},"end":{"line":40,"column":9}}],"line":34},"11":{"loc":{"start":{"line":36,"column":15},"end":{"line":40,"column":9}},"type":"if","locations":[{"start":{"line":36,"column":15},"end":{"line":40,"column":9}},{"start":{"line":38,"column":15},"end":{"line":40,"column":9}}],"line":36},"12":{"loc":{"start":{"line":38,"column":15},"end":{"line":40,"column":9}},"type":"if","locations":[{"start":{"line":38,"column":15},"end":{"line":40,"column":9}},{"start":{},"end":{}}],"line":38},"13":{"loc":{"start":{"line":47,"column":4},"end":{"line":51,"column":5}},"type":"if","locations":[{"start":{"line":47,"column":4},"end":{"line":51,"column":5}},{"start":{},"end":{}}],"line":47},"14":{"loc":{"start":{"line":53,"column":8},"end":{"line":57,"column":9}},"type":"if","locations":[{"start":{"line":53,"column":8},"end":{"line":57,"column":9}},{"start":{"line":55,"column":15},"end":{"line":57,"column":9}}],"line":53},"15":{"loc":{"start":{"line":53,"column":12},"end":{"line":53,"column":59}},"type":"binary-expr","locations":[{"start":{"line":53,"column":12},"end":{"line":53,"column":43}},{"start":{"line":53,"column":47},"end":{"line":53,"column":59}}],"line":53},"16":{"loc":{"start":{"line":64,"column":18},"end":{"line":64,"column":70}},"type":"binary-expr","locations":[{"start":{"line":64,"column":18},"end":{"line":64,"column":33}},{"start":{"line":64,"column":37},"end":{"line":64,"column":70}}],"line":64},"17":{"loc":{"start":{"line":65,"column":21},"end":{"line":65,"column":60}},"type":"binary-expr","locations":[{"start":{"line":65,"column":21},"end":{"line":65,"column":39}},{"start":{"line":65,"column":43},"end":{"line":65,"column":60}}],"line":65},"18":{"loc":{"start":{"line":67,"column":4},"end":{"line":71,"column":5}},"type":"if","locations":[{"start":{"line":67,"column":4},"end":{"line":71,"column":5}},{"start":{"line":69,"column":11},"end":{"line":71,"column":5}}],"line":67},"19":{"loc":{"start":{"line":68,"column":15},"end":{"line":68,"column":126}},"type":"cond-expr","locations":[{"start":{"line":68,"column":39},"end":{"line":68,"column":82}},{"start":{"line":68,"column":85},"end":{"line":68,"column":126}}],"line":68},"20":{"loc":{"start":{"line":75,"column":4},"end":{"line":77,"column":5}},"type":"if","locations":[{"start":{"line":75,"column":4},"end":{"line":77,"column":5}},{"start":{},"end":{}}],"line":75},"21":{"loc":{"start":{"line":75,"column":8},"end":{"line":75,"column":49}},"type":"binary-expr","locations":[{"start":{"line":75,"column":8},"end":{"line":75,"column":29}},{"start":{"line":75,"column":33},"end":{"line":75,"column":49}}],"line":75},"22":{"loc":{"start":{"line":108,"column":7},"end":{"line":108,"column":33}},"type":"binary-expr","locations":[{"start":{"line":108,"column":7},"end":{"line":108,"column":10}},{"start":{"line":108,"column":14},"end":{"line":108,"column":33}}],"line":108},"23":{"loc":{"start":{"line":119,"column":4},"end":{"line":119,"column":33}},"type":"binary-expr","locations":[{"start":{"line":119,"column":4},"end":{"line":119,"column":13}},{"start":{"line":119,"column":18},"end":{"line":119,"column":32}}],"line":119},"24":{"loc":{"start":{"line":130,"column":3},"end":{"line":132,"column":4}},"type":"if","locations":[{"start":{"line":130,"column":3},"end":{"line":132,"column":4}},{"start":{},"end":{}}],"line":130},"25":{"loc":{"start":{"line":144,"column":4},"end":{"line":144,"column":19}},"type":"binary-expr","locations":[{"start":{"line":144,"column":4},"end":{"line":144,"column":13}},{"start":{"line":144,"column":17},"end":{"line":144,"column":19}}],"line":144},"26":{"loc":{"start":{"line":145,"column":4},"end":{"line":145,"column":18}},"type":"binary-expr","locations":[{"start":{"line":145,"column":4},"end":{"line":145,"column":12}},{"start":{"line":145,"column":16},"end":{"line":145,"column":18}}],"line":145},"27":{"loc":{"start":{"line":193,"column":26},"end":{"line":193,"column":38}},"type":"default-arg","locations":[{"start":{"line":193,"column":36},"end":{"line":193,"column":38}}],"line":193},"28":{"loc":{"start":{"line":194,"column":36},"end":{"line":194,"column":52}},"type":"binary-expr","locations":[{"start":{"line":194,"column":36},"end":{"line":194,"column":46}},{"start":{"line":194,"column":50},"end":{"line":194,"column":52}}],"line":194},"29":{"loc":{"start":{"line":215,"column":41},"end":{"line":215,"column":53}},"type":"binary-expr","locations":[{"start":{"line":215,"column":41},"end":{"line":215,"column":47}},{"start":{"line":215,"column":51},"end":{"line":215,"column":53}}],"line":215},"30":{"loc":{"start":{"line":228,"column":4},"end":{"line":231,"column":5}},"type":"if","locations":[{"start":{"line":228,"column":4},"end":{"line":231,"column":5}},{"start":{},"end":{}}],"line":228},"31":{"loc":{"start":{"line":246,"column":4},"end":{"line":250,"column":5}},"type":"if","locations":[{"start":{"line":246,"column":4},"end":{"line":250,"column":5}},{"start":{},"end":{}}],"line":246},"32":{"loc":{"start":{"line":260,"column":11},"end":{"line":260,"column":59}},"type":"binary-expr","locations":[{"start":{"line":260,"column":11},"end":{"line":260,"column":51}},{"start":{"line":260,"column":55},"end":{"line":260,"column":59}}],"line":260},"33":{"loc":{"start":{"line":331,"column":2},"end":{"line":333,"column":3}},"type":"if","locations":[{"start":{"line":331,"column":2},"end":{"line":333,"column":3}},{"start":{},"end":{}}],"line":331},"34":{"loc":{"start":{"line":356,"column":4},"end":{"line":358,"column":5}},"type":"if","locations":[{"start":{"line":356,"column":4},"end":{"line":358,"column":5}},{"start":{},"end":{}}],"line":356},"35":{"loc":{"start":{"line":367,"column":4},"end":{"line":369,"column":5}},"type":"if","locations":[{"start":{"line":367,"column":4},"end":{"line":369,"column":5}},{"start":{},"end":{}}],"line":367},"36":{"loc":{"start":{"line":371,"column":24},"end":{"line":371,"column":92}},"type":"cond-expr","locations":[{"start":{"line":371,"column":53},"end":{"line":371,"column":83}},{"start":{"line":371,"column":86},"end":{"line":371,"column":92}}],"line":371},"37":{"loc":{"start":{"line":467,"column":14},"end":{"line":467,"column":87}},"type":"binary-expr","locations":[{"start":{"line":467,"column":14},"end":{"line":467,"column":47}},{"start":{"line":467,"column":51},"end":{"line":467,"column":87}}],"line":467},"38":{"loc":{"start":{"line":507,"column":10},"end":{"line":507,"column":37}},"type":"binary-expr","locations":[{"start":{"line":507,"column":10},"end":{"line":507,"column":13}},{"start":{"line":507,"column":17},"end":{"line":507,"column":37}}],"line":507},"39":{"loc":{"start":{"line":530,"column":42},"end":{"line":530,"column":68}},"type":"default-arg","locations":[{"start":{"line":530,"column":53},"end":{"line":530,"column":68}}],"line":530},"40":{"loc":{"start":{"line":546,"column":4},"end":{"line":548,"column":5}},"type":"if","locations":[{"start":{"line":546,"column":4},"end":{"line":548,"column":5}},{"start":{},"end":{}}],"line":546},"41":{"loc":{"start":{"line":551,"column":20},"end":{"line":551,"column":67}},"type":"cond-expr","locations":[{"start":{"line":551,"column":30},"end":{"line":551,"column":55}},{"start":{"line":551,"column":58},"end":{"line":551,"column":67}}],"line":551},"42":{"loc":{"start":{"line":583,"column":4},"end":{"line":586,"column":5}},"type":"if","locations":[{"start":{"line":583,"column":4},"end":{"line":586,"column":5}},{"start":{},"end":{}}],"line":583},"43":{"loc":{"start":{"line":583,"column":8},"end":{"line":583,"column":46}},"type":"binary-expr","locations":[{"start":{"line":583,"column":8},"end":{"line":583,"column":12}},{"start":{"line":583,"column":16},"end":{"line":583,"column":46}}],"line":583},"44":{"loc":{"start":{"line":632,"column":11},"end":{"line":632,"column":96}},"type":"binary-expr","locations":[{"start":{"line":632,"column":11},"end":{"line":632,"column":44}},{"start":{"line":632,"column":48},"end":{"line":632,"column":96}}],"line":632},"45":{"loc":{"start":{"line":650,"column":14},"end":{"line":650,"column":22}},"type":"default-arg","locations":[{"start":{"line":650,"column":20},"end":{"line":650,"column":22}}],"line":650},"46":{"loc":{"start":{"line":659,"column":4},"end":{"line":661,"column":5}},"type":"if","locations":[{"start":{"line":659,"column":4},"end":{"line":661,"column":5}},{"start":{},"end":{}}],"line":659},"47":{"loc":{"start":{"line":663,"column":4},"end":{"line":666,"column":5}},"type":"if","locations":[{"start":{"line":663,"column":4},"end":{"line":666,"column":5}},{"start":{},"end":{}}],"line":663},"48":{"loc":{"start":{"line":672,"column":4},"end":{"line":674,"column":5}},"type":"if","locations":[{"start":{"line":672,"column":4},"end":{"line":674,"column":5}},{"start":{},"end":{}}],"line":672},"49":{"loc":{"start":{"line":677,"column":4},"end":{"line":679,"column":5}},"type":"if","locations":[{"start":{"line":677,"column":4},"end":{"line":679,"column":5}},{"start":{},"end":{}}],"line":677},"50":{"loc":{"start":{"line":683,"column":6},"end":{"line":685,"column":7}},"type":"if","locations":[{"start":{"line":683,"column":6},"end":{"line":685,"column":7}},{"start":{},"end":{}}],"line":683},"51":{"loc":{"start":{"line":690,"column":6},"end":{"line":692,"column":7}},"type":"if","locations":[{"start":{"line":690,"column":6},"end":{"line":692,"column":7}},{"start":{},"end":{}}],"line":690},"52":{"loc":{"start":{"line":694,"column":6},"end":{"line":696,"column":7}},"type":"if","locations":[{"start":{"line":694,"column":6},"end":{"line":696,"column":7}},{"start":{},"end":{}}],"line":694},"53":{"loc":{"start":{"line":694,"column":10},"end":{"line":694,"column":44}},"type":"binary-expr","locations":[{"start":{"line":694,"column":10},"end":{"line":694,"column":24}},{"start":{"line":694,"column":28},"end":{"line":694,"column":44}}],"line":694},"54":{"loc":{"start":{"line":718,"column":4},"end":{"line":720,"column":5}},"type":"if","locations":[{"start":{"line":718,"column":4},"end":{"line":720,"column":5}},{"start":{},"end":{}}],"line":718},"55":{"loc":{"start":{"line":722,"column":4},"end":{"line":724,"column":5}},"type":"if","locations":[{"start":{"line":722,"column":4},"end":{"line":724,"column":5}},{"start":{},"end":{}}],"line":722},"56":{"loc":{"start":{"line":726,"column":4},"end":{"line":728,"column":5}},"type":"if","locations":[{"start":{"line":726,"column":4},"end":{"line":728,"column":5}},{"start":{},"end":{}}],"line":726},"57":{"loc":{"start":{"line":754,"column":4},"end":{"line":757,"column":5}},"type":"if","locations":[{"start":{"line":754,"column":4},"end":{"line":757,"column":5}},{"start":{},"end":{}}],"line":754},"58":{"loc":{"start":{"line":754,"column":8},"end":{"line":754,"column":37}},"type":"binary-expr","locations":[{"start":{"line":754,"column":8},"end":{"line":754,"column":22}},{"start":{"line":754,"column":26},"end":{"line":754,"column":37}}],"line":754},"59":{"loc":{"start":{"line":770,"column":4},"end":{"line":772,"column":5}},"type":"if","locations":[{"start":{"line":770,"column":4},"end":{"line":772,"column":5}},{"start":{},"end":{}}],"line":770},"60":{"loc":{"start":{"line":775,"column":17},"end":{"line":775,"column":85}},"type":"cond-expr","locations":[{"start":{"line":775,"column":46},"end":{"line":775,"column":76}},{"start":{"line":775,"column":79},"end":{"line":775,"column":85}}],"line":775},"61":{"loc":{"start":{"line":805,"column":4},"end":{"line":807,"column":5}},"type":"if","locations":[{"start":{"line":805,"column":4},"end":{"line":807,"column":5}},{"start":{},"end":{}}],"line":805},"62":{"loc":{"start":{"line":816,"column":8},"end":{"line":816,"column":36}},"type":"default-arg","locations":[{"start":{"line":816,"column":17},"end":{"line":816,"column":36}}],"line":816},"63":{"loc":{"start":{"line":816,"column":38},"end":{"line":816,"column":53}},"type":"default-arg","locations":[{"start":{"line":816,"column":48},"end":{"line":816,"column":53}}],"line":816},"64":{"loc":{"start":{"line":819,"column":4},"end":{"line":821,"column":5}},"type":"if","locations":[{"start":{"line":819,"column":4},"end":{"line":821,"column":5}},{"start":{},"end":{}}],"line":819},"65":{"loc":{"start":{"line":823,"column":22},"end":{"line":823,"column":90}},"type":"cond-expr","locations":[{"start":{"line":823,"column":51},"end":{"line":823,"column":81}},{"start":{"line":823,"column":84},"end":{"line":823,"column":90}}],"line":823},"66":{"loc":{"start":{"line":827,"column":4},"end":{"line":831,"column":5}},"type":"if","locations":[{"start":{"line":827,"column":4},"end":{"line":831,"column":5}},{"start":{"line":829,"column":11},"end":{"line":831,"column":5}}],"line":827},"67":{"loc":{"start":{"line":827,"column":8},"end":{"line":827,"column":42}},"type":"binary-expr","locations":[{"start":{"line":827,"column":8},"end":{"line":827,"column":15}},{"start":{"line":827,"column":19},"end":{"line":827,"column":42}}],"line":827},"68":{"loc":{"start":{"line":859,"column":4},"end":{"line":861,"column":5}},"type":"if","locations":[{"start":{"line":859,"column":4},"end":{"line":861,"column":5}},{"start":{},"end":{}}],"line":859},"69":{"loc":{"start":{"line":888,"column":2},"end":{"line":892,"column":3}},"type":"if","locations":[{"start":{"line":888,"column":2},"end":{"line":892,"column":3}},{"start":{"line":890,"column":9},"end":{"line":892,"column":3}}],"line":888},"70":{"loc":{"start":{"line":904,"column":14},"end":{"line":904,"column":51}},"type":"cond-expr","locations":[{"start":{"line":904,"column":21},"end":{"line":904,"column":33}},{"start":{"line":904,"column":36},"end":{"line":904,"column":51}}],"line":904},"71":{"loc":{"start":{"line":906,"column":2},"end":{"line":914,"column":6}},"type":"if","locations":[{"start":{"line":906,"column":2},"end":{"line":914,"column":6}},{"start":{},"end":{}}],"line":906},"72":{"loc":{"start":{"line":917,"column":4},"end":{"line":917,"column":45}},"type":"cond-expr","locations":[{"start":{"line":917,"column":13},"end":{"line":917,"column":30}},{"start":{"line":917,"column":33},"end":{"line":917,"column":45}}],"line":917},"73":{"loc":{"start":{"line":931,"column":2},"end":{"line":933,"column":3}},"type":"if","locations":[{"start":{"line":931,"column":2},"end":{"line":933,"column":3}},{"start":{},"end":{}}],"line":931},"74":{"loc":{"start":{"line":931,"column":6},"end":{"line":931,"column":70}},"type":"binary-expr","locations":[{"start":{"line":931,"column":6},"end":{"line":931,"column":35}},{"start":{"line":931,"column":39},"end":{"line":931,"column":70}}],"line":931},"75":{"loc":{"start":{"line":935,"column":2},"end":{"line":939,"column":3}},"type":"if","locations":[{"start":{"line":935,"column":2},"end":{"line":939,"column":3}},{"start":{"line":937,"column":9},"end":{"line":939,"column":3}}],"line":935},"76":{"loc":{"start":{"line":941,"column":2},"end":{"line":945,"column":3}},"type":"if","locations":[{"start":{"line":941,"column":2},"end":{"line":945,"column":3}},{"start":{"line":943,"column":9},"end":{"line":945,"column":3}}],"line":941},"77":{"loc":{"start":{"line":972,"column":13},"end":{"line":972,"column":96}},"type":"binary-expr","locations":[{"start":{"line":972,"column":13},"end":{"line":972,"column":21}},{"start":{"line":972,"column":26},"end":{"line":972,"column":95}}],"line":972}},"s":{"0":1,"1":1,"2":1,"3":1,"4":1,"5":17,"6":17,"7":0,"8":26,"9":26,"10":0,"11":0,"12":0,"13":0,"14":0,"15":0,"16":0,"17":0,"18":0,"19":3,"20":3,"21":3,"22":13,"23":3,"24":14,"25":13,"26":1,"27":3,"28":3,"29":3,"30":3,"31":3,"32":0,"33":3,"34":1,"35":0,"36":0,"37":0,"38":0,"39":1,"40":1,"41":1,"42":1,"43":2,"44":0,"45":0,"46":0,"47":0,"48":0,"49":0,"50":1,"51":1,"52":1,"53":1,"54":1,"55":1,"56":0,"57":0,"58":0,"59":1,"60":1,"61":0,"62":0,"63":0,"64":1,"65":1,"66":1,"67":1,"68":4,"69":4,"70":4,"71":0,"72":0,"73":4,"74":4,"75":0,"76":0,"77":0,"78":0,"79":0,"80":0,"81":0,"82":4,"83":6,"84":0,"85":0,"86":0,"87":0,"88":0,"89":0,"90":0,"91":0,"92":4,"93":4,"94":4,"95":0,"96":0,"97":0,"98":0,"99":0,"100":0,"101":0,"102":0,"103":0,"104":0,"105":0,"106":0,"107":0,"108":0,"109":0,"110":0,"111":0,"112":0,"113":0,"114":0,"115":0,"116":0,"117":0,"118":0,"119":1,"120":0,"121":1,"122":0,"123":0,"124":0,"125":0,"126":0,"127":0,"128":0,"129":0,"130":0,"131":0,"132":0,"133":0,"134":0,"135":0,"136":0,"137":0,"138":1,"139":0,"140":0,"141":0,"142":0,"143":0,"144":0,"145":0,"146":0,"147":0,"148":0,"149":0,"150":1,"151":1,"152":1,"153":0,"154":0,"155":0,"156":0,"157":0,"158":0,"159":0,"160":0,"161":0,"162":1,"163":1,"164":13,"165":0,"166":0,"167":0,"168":0,"169":0,"170":0,"171":0,"172":0,"173":1,"174":1,"175":1,"176":1,"177":1,"178":1,"179":1,"180":0,"181":1,"182":0,"183":0,"184":0,"185":1,"186":1,"187":1,"188":0,"189":1,"190":0,"191":1,"192":0,"193":0,"194":1,"195":0,"196":0,"197":0,"198":0,"199":4,"200":0,"201":0,"202":0,"203":0,"204":0,"205":0,"206":0,"207":0,"208":0,"209":4,"210":4,"211":4,"212":0,"213":0,"214":4,"215":0,"216":0,"217":0,"218":0,"219":0,"220":0,"221":0,"222":0,"223":0,"224":0,"225":0,"226":0,"227":0,"228":0,"229":0,"230":0,"231":0,"232":0,"233":0,"234":0,"235":0,"236":0,"237":0,"238":0,"239":0,"240":0,"241":0,"242":0,"243":0,"244":0,"245":0,"246":0,"247":0,"248":0,"249":0,"250":0,"251":0,"252":0,"253":0,"254":1,"255":1,"256":1,"257":0,"258":0,"259":0,"260":0,"261":1,"262":0,"263":0,"264":0,"265":0,"266":0,"267":0,"268":0,"269":0,"270":0,"271":0,"272":0,"273":0,"274":0,"275":1,"276":1,"277":1,"278":1,"279":0,"280":0,"281":0,"282":0,"283":0,"284":0,"285":1,"286":1,"287":1,"288":1,"289":1,"290":1,"291":1,"292":1,"293":1,"294":1,"295":1,"296":1,"297":0,"298":0,"299":1,"300":0,"301":1},"f":{"0":1,"1":1,"2":1,"3":17,"4":0,"5":26,"6":0,"7":0,"8":3,"9":13,"10":14,"11":3,"12":0,"13":0,"14":1,"15":2,"16":0,"17":0,"18":0,"19":0,"20":1,"21":0,"22":0,"23":0,"24":1,"25":4,"26":0,"27":4,"28":6,"29":0,"30":0,"31":0,"32":0,"33":0,"34":0,"35":4,"36":0,"37":0,"38":0,"39":0,"40":0,"41":0,"42":0,"43":0,"44":0,"45":0,"46":0,"47":0,"48":0,"49":0,"50":0,"51":0,"52":0,"53":0,"54":0,"55":0,"56":0,"57":0,"58":0,"59":0,"60":0,"61":0,"62":0,"63":0,"64":0,"65":0,"66":0,"67":0,"68":0,"69":13,"70":0,"71":0,"72":0,"73":1,"74":0,"75":0,"76":0,"77":4,"78":0,"79":0,"80":4,"81":0,"82":0,"83":0,"84":0,"85":0,"86":0,"87":0,"88":0,"89":0,"90":0,"91":0,"92":0,"93":0,"94":1,"95":1,"96":0,"97":0,"98":0},"b":{"0":[1,0],"1":[0,0],"2":[0,0],"3":[0,0],"4":[17,10],"5":[17,5,5],"6":[0,0],"7":[26,0],"8":[0,26],"9":[26,0],"10":[0,0],"11":[0,0],"12":[0,0],"13":[3,0],"14":[13,1],"15":[14,2],"16":[3,3],"17":[3,0],"18":[0,3],"19":[0,0],"20":[0,0],"21":[0,0],"22":[1,1],"23":[2,2],"24":[0,0],"25":[0,0],"26":[0,0],"27":[0],"28":[0,0],"29":[1,0],"30":[0,4],"31":[0,0],"32":[4,4],"33":[0,0],"34":[0,0],"35":[0,0],"36":[0,0],"37":[0,0],"38":[0,0],"39":[0],"40":[0,0],"41":[0,0],"42":[0,0],"43":[0,0],"44":[0,0],"45":[0],"46":[0,1],"47":[0,1],"48":[0,1],"49":[0,1],"50":[0,0],"51":[0,0],"52":[0,0],"53":[0,0],"54":[0,0],"55":[0,0],"56":[0,0],"57":[0,4],"58":[4,0],"59":[0,0],"60":[0,0],"61":[0,0],"62":[0],"63":[0],"64":[0,0],"65":[0,0],"66":[0,0],"67":[0,0],"68":[0,0],"69":[0,0],"70":[0,0],"71":[0,0],"72":[0,0],"73":[1,0],"74":[1,0],"75":[0,0],"76":[0,0],"77":[0,0]},"_coverageSchema":"1a1c01bbd47fc00a2c39e90264f33305004495a9","hash":"ec209baa412c2c2d283a324783ebf1148e6c2b35"}
,"D:\\FymWork\\work\\vite-react\\src\\components\\Icon\\icon.tsx": {"path":"D:\\FymWork\\work\\vite-react\\src\\components\\Icon\\icon.tsx","statementMap":{"0":{"start":{"line":10,"column":43},"end":{"line":22,"column":1}},"1":{"start":{"line":15,"column":2},"end":{"line":21,"column":4}}},"fnMap":{"0":{"name":"(anonymous_0)","decl":{"start":{"line":10,"column":43},"end":{"line":10,"column":44}},"loc":{"start":{"line":14,"column":6},"end":{"line":22,"column":1}},"line":14}},"branchMap":{},"s":{"0":1,"1":2},"f":{"0":2},"b":{},"_coverageSchema":"1a1c01bbd47fc00a2c39e90264f33305004495a9","hash":"152860a05d028d3cc504ae5e28681cfbeb58c62f"}
,"D:\\FymWork\\work\\vite-react\\src\\util\\classNames.tsx": {"path":"D:\\FymWork\\work\\vite-react\\src\\util\\classNames.tsx","statementMap":{"0":{"start":{"line":1,"column":19},"end":{"line":3,"column":1}},"1":{"start":{"line":2,"column":2},"end":{"line":2,"column":51}}},"fnMap":{"0":{"name":"(anonymous_0)","decl":{"start":{"line":1,"column":19},"end":{"line":1,"column":20}},"loc":{"start":{"line":1,"column":56},"end":{"line":3,"column":1}},"line":1}},"branchMap":{},"s":{"0":2,"1":6},"f":{"0":6},"b":{},"_coverageSchema":"1a1c01bbd47fc00a2c39e90264f33305004495a9","hash":"35e7b1948214cd4b75cdb8f41c8dd5290845aee9"}
}
