TN:
SF:lib\load-svg.js
FN:7,(anonymous_0)
FN:8,(anonymous_1)
FN:12,(anonymous_2)
FN:14,isMergeableObject
FN:22,emptyTarget
FN:26,cloneIfNecessary
FN:31,defaultArrayMerge
FN:33,(anonymous_7)
FN:45,mergeObject
FN:48,(anonymous_9)
FN:52,(anonymous_10)
FN:62,deepmerge
FN:74,deepmergeAll
FN:80,(anonymous_13)
FN:107,mitt
FN:118,on
FN:129,off
FN:143,emit
FN:144,(anonymous_18)
FN:145,(anonymous_19)
FN:152,(anonymous_20)
FN:174,objectToAttrsString
FN:175,(anonymous_22)
FN:193,wrapInSvgString
FN:214,(anonymous_24)
FN:224,(anonymous_25)
FN:242,(anonymous_26)
FN:259,(anonymous_27)
FN:260,(anonymous_28)
FN:267,(anonymous_29)
FN:274,(anonymous_30)
FN:276,(anonymous_31)
FN:283,(anonymous_32)
FN:287,(anonymous_33)
FN:288,(anonymous_34)
FN:293,(anonymous_35)
FN:302,(anonymous_36)
FN:309,(anonymous_37)
FN:313,(anonymous_38)
FN:314,(anonymous_39)
FN:322,parse
FN:339,(anonymous_41)
FN:347,(anonymous_42)
FN:355,(anonymous_43)
FN:366,(anonymous_44)
FN:383,(anonymous_45)
FN:388,(anonymous_46)
FN:458,arrayFrom
FN:463,(anonymous_48)
FN:464,(anonymous_49)
FN:467,(anonymous_50)
FN:468,(anonymous_51)
FN:475,dispatchEvent
FN:490,evalStylesIEWorkaround
FN:494,(anonymous_54)
FN:506,getUrlWithoutFragment
FN:515,locationChangeAngularEmitter
FN:516,(anonymous_57)
FN:517,(anonymous_58)
FN:530,moveGradientsOutsideSymbol
FN:531,(anonymous_60)
FN:532,(anonymous_61)
FN:544,selectAttributes
FN:545,(anonymous_63)
FN:564,encoder
FN:565,(anonymous_65)
FN:570,escapeRegExp
FN:580,updateReferences
FN:581,(anonymous_68)
FN:611,(anonymous_69)
FN:626,updateUrls
FN:631,(anonymous_71)
FN:635,(anonymous_72)
FN:650,(anonymous_73)
FN:665,(anonymous_74)
FN:682,(anonymous_75)
FN:689,(anonymous_76)
FN:703,(anonymous_77)
FN:715,(anonymous_78)
FN:738,(anonymous_79)
FN:750,(anonymous_80)
FN:767,(anonymous_81)
FN:779,(anonymous_82)
FN:786,(anonymous_83)
FN:797,(anonymous_84)
FN:800,(anonymous_85)
FN:816,(anonymous_86)
FN:841,(anonymous_87)
FN:848,(anonymous_88)
FN:858,(anonymous_89)
FN:880,(anonymous_90)
FN:898,(anonymous_91)
FN:909,(anonymous_92)
FN:916,(anonymous_93)
FN:930,(anonymous_94)
FN:963,(anonymous_95)
FN:971,req
FN:972,(anonymous_97)
FN:974,(anonymous_98)
FNF:99
FNH:23
FNDA:1,(anonymous_0)
FNDA:1,(anonymous_1)
FNDA:1,(anonymous_2)
FNDA:17,isMergeableObject
FNDA:0,emptyTarget
FNDA:26,cloneIfNecessary
FNDA:0,defaultArrayMerge
FNDA:0,(anonymous_7)
FNDA:3,mergeObject
FNDA:13,(anonymous_9)
FNDA:14,(anonymous_10)
FNDA:3,deepmerge
FNDA:0,deepmergeAll
FNDA:0,(anonymous_13)
FNDA:1,mitt
FNDA:2,on
FNDA:0,off
FNDA:0,emit
FNDA:0,(anonymous_18)
FNDA:0,(anonymous_19)
FNDA:1,(anonymous_20)
FNDA:0,objectToAttrsString
FNDA:0,(anonymous_22)
FNDA:0,wrapInSvgString
FNDA:1,(anonymous_24)
FNDA:4,(anonymous_25)
FNDA:0,(anonymous_26)
FNDA:4,(anonymous_27)
FNDA:6,(anonymous_28)
FNDA:0,(anonymous_29)
FNDA:0,(anonymous_30)
FNDA:0,(anonymous_31)
FNDA:0,(anonymous_32)
FNDA:0,(anonymous_33)
FNDA:0,(anonymous_34)
FNDA:4,(anonymous_35)
FNDA:0,(anonymous_36)
FNDA:0,(anonymous_37)
FNDA:0,(anonymous_38)
FNDA:0,(anonymous_39)
FNDA:0,parse
FNDA:0,(anonymous_41)
FNDA:0,(anonymous_42)
FNDA:0,(anonymous_43)
FNDA:0,(anonymous_44)
FNDA:0,(anonymous_45)
FNDA:0,(anonymous_46)
FNDA:0,arrayFrom
FNDA:0,(anonymous_48)
FNDA:0,(anonymous_49)
FNDA:0,(anonymous_50)
FNDA:0,(anonymous_51)
FNDA:0,dispatchEvent
FNDA:0,evalStylesIEWorkaround
FNDA:0,(anonymous_54)
FNDA:0,getUrlWithoutFragment
FNDA:0,locationChangeAngularEmitter
FNDA:0,(anonymous_57)
FNDA:0,(anonymous_58)
FNDA:0,moveGradientsOutsideSymbol
FNDA:0,(anonymous_60)
FNDA:0,(anonymous_61)
FNDA:0,selectAttributes
FNDA:0,(anonymous_63)
FNDA:0,encoder
FNDA:0,(anonymous_65)
FNDA:0,escapeRegExp
FNDA:0,updateReferences
FNDA:0,(anonymous_68)
FNDA:13,(anonymous_69)
FNDA:0,updateUrls
FNDA:0,(anonymous_71)
FNDA:0,(anonymous_72)
FNDA:1,(anonymous_73)
FNDA:0,(anonymous_74)
FNDA:0,(anonymous_75)
FNDA:0,(anonymous_76)
FNDA:4,(anonymous_77)
FNDA:0,(anonymous_78)
FNDA:0,(anonymous_79)
FNDA:4,(anonymous_80)
FNDA:0,(anonymous_81)
FNDA:0,(anonymous_82)
FNDA:0,(anonymous_83)
FNDA:0,(anonymous_84)
FNDA:0,(anonymous_85)
FNDA:0,(anonymous_86)
FNDA:0,(anonymous_87)
FNDA:0,(anonymous_88)
FNDA:0,(anonymous_89)
FNDA:0,(anonymous_90)
FNDA:0,(anonymous_91)
FNDA:0,(anonymous_92)
FNDA:0,(anonymous_93)
FNDA:1,(anonymous_94)
FNDA:1,(anonymous_95)
FNDA:0,req
FNDA:0,(anonymous_97)
FNDA:0,(anonymous_98)
DA:3,1
DA:5,1
DA:7,1
DA:8,1
DA:10,1
DA:15,17
DA:17,17
DA:23,0
DA:27,26
DA:28,26
DA:32,0
DA:33,0
DA:34,0
DA:35,0
DA:36,0
DA:37,0
DA:38,0
DA:39,0
DA:42,0
DA:46,3
DA:47,3
DA:48,3
DA:49,13
DA:52,3
DA:53,14
DA:54,13
DA:56,1
DA:59,3
DA:63,3
DA:64,3
DA:65,3
DA:67,3
DA:68,0
DA:70,3
DA:74,1
DA:75,0
DA:76,0
DA:80,0
DA:81,0
DA:85,1
DA:90,1
DA:108,1
DA:110,1
DA:119,2
DA:130,0
DA:131,0
DA:144,0
DA:145,0
DA:150,1
DA:152,1
DA:153,1
DA:164,1
DA:165,1
DA:168,1
DA:175,0
DA:176,0
DA:177,0
DA:181,1
DA:183,1
DA:194,0
DA:195,0
DA:196,0
DA:199,1
DA:201,1
DA:215,1
DA:216,1
DA:225,4
DA:226,4
DA:228,4
DA:229,0
DA:230,0
DA:233,4
DA:234,4
DA:243,0
DA:244,0
DA:246,0
DA:247,0
DA:248,0
DA:249,0
DA:252,0
DA:260,6
DA:268,0
DA:275,0
DA:276,0
DA:277,0
DA:284,0
DA:288,0
DA:294,4
DA:295,4
DA:296,4
DA:303,0
DA:310,0
DA:314,0
DA:323,0
DA:324,0
DA:331,0
DA:332,0
DA:335,0
DA:340,0
DA:348,0
DA:356,0
DA:357,0
DA:359,0
DA:367,0
DA:368,0
DA:371,0
DA:372,0
DA:373,0
DA:375,0
DA:377,0
DA:384,0
DA:385,0
DA:389,0
DA:393,1
DA:459,0
DA:462,1
DA:463,0
DA:464,0
DA:467,0
DA:468,0
DA:476,0
DA:477,0
DA:478,0
DA:491,0
DA:493,0
DA:495,0
DA:496,0
DA:499,0
DA:507,0
DA:516,0
DA:517,0
DA:518,0
DA:523,1
DA:531,0
DA:532,0
DA:533,0
DA:536,0
DA:545,0
DA:546,0
DA:547,0
DA:550,0
DA:551,0
DA:552,0
DA:555,0
DA:558,1
DA:559,1
DA:562,1
DA:565,0
DA:566,0
DA:571,0
DA:581,0
DA:582,0
DA:583,0
DA:584,0
DA:585,0
DA:589,0
DA:595,1
DA:611,13
DA:627,0
DA:628,0
DA:630,0
DA:631,0
DA:632,0
DA:635,0
DA:636,0
DA:644,1
DA:651,1
DA:653,1
DA:654,1
DA:655,1
DA:657,1
DA:659,1
DA:660,0
DA:663,1
DA:664,0
DA:665,0
DA:668,1
DA:669,1
DA:672,1
DA:673,0
DA:677,1
DA:678,0
DA:682,1
DA:683,0
DA:684,0
DA:689,1
DA:690,0
DA:691,0
DA:694,0
DA:695,0
DA:704,4
DA:716,0
DA:718,0
DA:719,0
DA:722,0
DA:723,0
DA:726,0
DA:727,0
DA:739,0
DA:740,0
DA:751,4
DA:752,4
DA:754,4
DA:755,0
DA:756,0
DA:759,4
DA:768,0
DA:770,0
DA:771,0
DA:775,0
DA:776,0
DA:779,0
DA:780,0
DA:781,0
DA:785,0
DA:787,0
DA:788,0
DA:789,0
DA:792,0
DA:794,0
DA:798,0
DA:800,0
DA:802,0
DA:803,0
DA:805,0
DA:806,0
DA:817,0
DA:819,0
DA:820,0
DA:823,0
DA:824,0
DA:825,0
DA:827,0
DA:828,0
DA:830,0
DA:833,0
DA:835,0
DA:842,0
DA:849,0
DA:859,0
DA:860,0
DA:863,0
DA:865,0
DA:872,0
DA:877,1
DA:878,1
DA:880,1
DA:886,0
DA:888,0
DA:889,0
DA:891,0
DA:898,1
DA:899,0
DA:901,0
DA:902,0
DA:903,0
DA:904,0
DA:906,0
DA:907,0
DA:910,0
DA:911,0
DA:912,0
DA:916,0
DA:917,0
DA:921,1
DA:930,1
DA:931,1
DA:932,1
DA:935,0
DA:936,0
DA:938,0
DA:941,0
DA:942,0
DA:944,0
DA:948,1
DA:950,1
DA:951,1
DA:953,1
DA:954,1
DA:956,1
DA:957,1
DA:959,1
DA:960,1
DA:963,1
DA:964,1
DA:971,1
DA:972,0
DA:974,1
DA:975,0
DA:977,1
LF:290
LH:99
BRDA:3,0,0,1
BRDA:3,0,1,0
BRDA:3,1,0,0
BRDA:3,1,1,0
BRDA:3,2,0,0
BRDA:3,2,1,0
BRDA:3,3,0,0
BRDA:3,3,1,0
BRDA:15,4,0,17
BRDA:15,4,1,10
BRDA:17,5,0,17
BRDA:17,5,1,5
BRDA:17,5,2,5
BRDA:23,6,0,0
BRDA:23,6,1,0
BRDA:27,7,0,26
BRDA:27,7,1,0
BRDA:28,8,0,0
BRDA:28,8,1,26
BRDA:28,9,0,26
BRDA:28,9,1,0
BRDA:34,10,0,0
BRDA:34,10,1,0
BRDA:36,11,0,0
BRDA:36,11,1,0
BRDA:38,12,0,0
BRDA:38,12,1,0
BRDA:47,13,0,3
BRDA:47,13,1,0
BRDA:53,14,0,13
BRDA:53,14,1,1
BRDA:53,15,0,14
BRDA:53,15,1,2
BRDA:64,16,0,3
BRDA:64,16,1,3
BRDA:65,17,0,3
BRDA:65,17,1,0
BRDA:67,18,0,0
BRDA:67,18,1,3
BRDA:68,19,0,0
BRDA:68,19,1,0
BRDA:75,20,0,0
BRDA:75,20,1,0
BRDA:75,21,0,0
BRDA:75,21,1,0
BRDA:108,22,0,1
BRDA:108,22,1,1
BRDA:119,23,0,2
BRDA:119,23,1,2
BRDA:130,24,0,0
BRDA:130,24,1,0
BRDA:144,25,0,0
BRDA:144,25,1,0
BRDA:145,26,0,0
BRDA:145,26,1,0
BRDA:193,27,0,0
BRDA:194,28,0,0
BRDA:194,28,1,0
BRDA:215,29,0,1
BRDA:215,29,1,0
BRDA:228,30,0,0
BRDA:228,30,1,4
BRDA:246,31,0,0
BRDA:246,31,1,0
BRDA:260,32,0,4
BRDA:260,32,1,4
BRDA:331,33,0,0
BRDA:331,33,1,0
BRDA:356,34,0,0
BRDA:356,34,1,0
BRDA:367,35,0,0
BRDA:367,35,1,0
BRDA:371,36,0,0
BRDA:371,36,1,0
BRDA:467,37,0,0
BRDA:467,37,1,0
BRDA:507,38,0,0
BRDA:507,38,1,0
BRDA:530,39,0,0
BRDA:546,40,0,0
BRDA:546,40,1,0
BRDA:551,41,0,0
BRDA:551,41,1,0
BRDA:583,42,0,0
BRDA:583,42,1,0
BRDA:583,43,0,0
BRDA:583,43,1,0
BRDA:632,44,0,0
BRDA:632,44,1,0
BRDA:650,45,0,0
BRDA:659,46,0,0
BRDA:659,46,1,1
BRDA:663,47,0,0
BRDA:663,47,1,1
BRDA:672,48,0,0
BRDA:672,48,1,1
BRDA:677,49,0,0
BRDA:677,49,1,1
BRDA:683,50,0,0
BRDA:683,50,1,0
BRDA:690,51,0,0
BRDA:690,51,1,0
BRDA:694,52,0,0
BRDA:694,52,1,0
BRDA:694,53,0,0
BRDA:694,53,1,0
BRDA:718,54,0,0
BRDA:718,54,1,0
BRDA:722,55,0,0
BRDA:722,55,1,0
BRDA:726,56,0,0
BRDA:726,56,1,0
BRDA:754,57,0,0
BRDA:754,57,1,4
BRDA:754,58,0,4
BRDA:754,58,1,0
BRDA:770,59,0,0
BRDA:770,59,1,0
BRDA:775,60,0,0
BRDA:775,60,1,0
BRDA:805,61,0,0
BRDA:805,61,1,0
BRDA:816,62,0,0
BRDA:816,63,0,0
BRDA:819,64,0,0
BRDA:819,64,1,0
BRDA:823,65,0,0
BRDA:823,65,1,0
BRDA:827,66,0,0
BRDA:827,66,1,0
BRDA:827,67,0,0
BRDA:827,67,1,0
BRDA:859,68,0,0
BRDA:859,68,1,0
BRDA:888,69,0,0
BRDA:888,69,1,0
BRDA:904,70,0,0
BRDA:904,70,1,0
BRDA:906,71,0,0
BRDA:906,71,1,0
BRDA:917,72,0,0
BRDA:917,72,1,0
BRDA:931,73,0,1
BRDA:931,73,1,0
BRDA:931,74,0,1
BRDA:931,74,1,0
BRDA:935,75,0,0
BRDA:935,75,1,0
BRDA:941,76,0,0
BRDA:941,76,1,0
BRDA:972,77,0,0
BRDA:972,77,1,0
BRF:152
BRH:34
end_of_record
TN:
SF:src\components\Icon\icon.tsx
FN:10,(anonymous_0)
FNF:1
FNH:1
FNDA:2,(anonymous_0)
DA:10,1
DA:15,2
LF:2
LH:2
BRF:0
BRH:0
end_of_record
TN:
SF:src\util\classNames.tsx
FN:1,(anonymous_0)
FNF:1
FNH:1
FNDA:6,(anonymous_0)
DA:1,2
DA:2,6
LF:2
LH:2
BRF:0
BRH:0
end_of_record
